<?xml version="1.0" encoding="UTF-8"?>
<testng-results skipped="0" failed="0" ignored="0" total="2" passed="2">
  <reporter-output>
    <line>
      <![CDATA[setting up report & test getting started]]>
    </line>
    <line>
      <![CDATA[setting up report & test can be started]]>
    </line>
    <line>
      <![CDATA[browser getting started]]>
    </line>
    <line>
      <![CDATA[browser started]]>
    </line>
  </reporter-output>
  <suite name="Default suite" duration-ms="82414" started-at="2019-10-20T11:18:02Z" finished-at="2019-10-20T11:19:24Z">
    <groups>
    </groups>
    <test name="Default test" duration-ms="82414" started-at="2019-10-20T11:18:02Z" finished-at="2019-10-20T11:19:24Z">
      <class name="com.ticketonline.testcases.LogintoTOL">
        <test-method status="PASS" signature="setupSuit()[pri:0, instance:com.ticketonline.testcases.LogintoTOL@3f197a46]" name="setupSuit" is-config="true" duration-ms="684" started-at="2019-10-20T11:18:01Z" finished-at="2019-10-20T11:18:02Z">
          <reporter-output>
            <line>
              <![CDATA[setting up report & test getting started]]>
            </line>
            <line>
              <![CDATA[setting up report & test can be started]]>
            </line>
          </reporter-output>
        </test-method> <!-- setupSuit -->
        <test-method status="PASS" signature="setup()[pri:0, instance:com.ticketonline.testcases.LogintoTOL@3f197a46]" name="setup" is-config="true" duration-ms="6175" started-at="2019-10-20T11:18:02Z" finished-at="2019-10-20T11:18:08Z">
          <reporter-output>
            <line>
              <![CDATA[browser getting started]]>
            </line>
            <line>
              <![CDATA[browser started]]>
            </line>
          </reporter-output>
        </test-method> <!-- setup -->
        <test-method status="PASS" signature="loginapp()[pri:1, instance:com.ticketonline.testcases.LogintoTOL@3f197a46]" name="loginapp" duration-ms="63216" started-at="2019-10-20T11:18:08Z" finished-at="2019-10-20T11:19:11Z">
          <reporter-output>
          </reporter-output>
        </test-method> <!-- loginapp -->
        <test-method status="PASS" signature="teardownmethod(org.testng.ITestResult)[pri:0, instance:com.ticketonline.testcases.LogintoTOL@3f197a46]" name="teardownmethod" is-config="true" duration-ms="1003" started-at="2019-10-20T11:19:11Z" finished-at="2019-10-20T11:19:12Z">
          <params>
            <param index="0">
              <value>
                <![CDATA[[TestResult name=loginapp status=SUCCESS method=LogintoTOL.loginapp()[pri:1, instance:com.ticketonline.testcases.LogintoTOL@3f197a46] output={null}]]]>
              </value>
            </param>
          </params>
          <reporter-output>
          </reporter-output>
        </test-method> <!-- teardownmethod -->
        <test-method status="PASS" signature="logout()[pri:2, instance:com.ticketonline.testcases.LogintoTOL@3f197a46]" name="logout" duration-ms="10660" started-at="2019-10-20T11:19:12Z" finished-at="2019-10-20T11:19:23Z">
          <reporter-output>
          </reporter-output>
        </test-method> <!-- logout -->
        <test-method status="PASS" signature="teardownmethod(org.testng.ITestResult)[pri:0, instance:com.ticketonline.testcases.LogintoTOL@3f197a46]" name="teardownmethod" is-config="true" duration-ms="702" started-at="2019-10-20T11:19:23Z" finished-at="2019-10-20T11:19:24Z">
          <params>
            <param index="0">
              <value>
                <![CDATA[[TestResult name=logout status=SUCCESS method=LogintoTOL.logout()[pri:2, instance:com.ticketonline.testcases.LogintoTOL@3f197a46] output={null}]]]>
              </value>
            </param>
          </params>
          <reporter-output>
          </reporter-output>
        </test-method> <!-- teardownmethod -->
        <test-method status="PASS" signature="teardown()[pri:0, instance:com.ticketonline.testcases.LogintoTOL@3f197a46]" name="teardown" is-config="true" duration-ms="615" started-at="2019-10-20T11:19:24Z" finished-at="2019-10-20T11:19:24Z">
          <reporter-output>
          </reporter-output>
        </test-method> <!-- teardown -->
      </class> <!-- com.ticketonline.testcases.LogintoTOL -->
    </test> <!-- Default test -->
  </suite> <!-- Default suite -->
</testng-results>
