<?xml version="1.0" encoding="UTF-8"?>
<!-- Generated by org.testng.reporters.JUnitXMLReporter -->
<testsuite hostname="SwapnilJoshi-PC" ignored="0" name="Test" tests="1" failures="0" timestamp="14 Jul 2019 10:24:45 GMT" time="0.275" errors="0">
  <testcase name="@BeforeClass setup" time="0.002" classname="com.ticketonline.pages.BaseClass">
    <failure type="java.lang.NullPointerException">
      <![CDATA[java.lang.NullPointerException
at com.ticketonline.utility.ConfigDataProvider.GetBrowser(ConfigDataProvider.java:33)
at com.ticketonline.pages.BaseClass.setup(BaseClass.java:28)
... Removed 26 stack frames]]>
    </failure>
  </testcase> <!-- @BeforeClass setup -->
  <testcase name="@AfterClass teardown" time="0.0" classname="com.ticketonline.pages.BaseClass">
    <skipped/>
  </testcase> <!-- @AfterClass teardown -->
  <testcase name="loginapp" time="0.0" classname="com.ticketonline.testcases.LogintoTOL">
    <skipped/>
  </testcase> <!-- loginapp -->
</testsuite> <!-- Test -->
